  [1m[35m (257.3ms)[0m  [1m[35mCREATE DATABASE "discord_backend_development" ENCODING = 'unicode'[0m
  [1m[35m (141.9ms)[0m  [1m[35mCREATE DATABASE "discord_backend_test" ENCODING = 'unicode'[0m
  [1m[35m (3.6ms)[0m  [1m[35mCREATE DATABASE "discord_backend_development" ENCODING = 'unicode'[0m
  [1m[35m (0.7ms)[0m  [1m[35mCREATE DATABASE "discord_backend_test" ENCODING = 'unicode'[0m
Started GET "/" for ::1 at 2023-09-08 09:34:31 -0400
Processing by Rails::WelcomeController#index as HTML
  Rendering /Users/mdmiah/.rbenv/versions/3.1.1/lib/ruby/gems/3.1.0/gems/railties-7.0.7.2/lib/rails/templates/rails/welcome/index.html.erb
  Rendered /Users/mdmiah/.rbenv/versions/3.1.1/lib/ruby/gems/3.1.0/gems/railties-7.0.7.2/lib/rails/templates/rails/welcome/index.html.erb (Duration: 2.6ms | Allocations: 585)
Completed 200 OK in 20ms (Views: 8.1ms | ActiveRecord: 0.0ms | Allocations: 4883)


Started GET "/" for ::1 at 2023-09-08 09:44:10 -0400
Processing by Rails::WelcomeController#index as HTML
  Rendering /Users/mdmiah/.rbenv/versions/3.1.1/lib/ruby/gems/3.1.0/gems/railties-7.0.7.2/lib/rails/templates/rails/welcome/index.html.erb
  Rendered /Users/mdmiah/.rbenv/versions/3.1.1/lib/ruby/gems/3.1.0/gems/railties-7.0.7.2/lib/rails/templates/rails/welcome/index.html.erb (Duration: 5.3ms | Allocations: 296)
Completed 200 OK in 11ms (Views: 9.7ms | ActiveRecord: 0.0ms | Allocations: 1019)


Started GET "/" for ::1 at 2023-09-08 09:44:29 -0400
Processing by Rails::WelcomeController#index as HTML
  Rendering /Users/mdmiah/.rbenv/versions/3.1.1/lib/ruby/gems/3.1.0/gems/railties-7.0.7.2/lib/rails/templates/rails/welcome/index.html.erb
  Rendered /Users/mdmiah/.rbenv/versions/3.1.1/lib/ruby/gems/3.1.0/gems/railties-7.0.7.2/lib/rails/templates/rails/welcome/index.html.erb (Duration: 0.1ms | Allocations: 16)
Completed 200 OK in 1ms (Views: 0.9ms | ActiveRecord: 0.0ms | Allocations: 219)


Started GET "/frontend_index" for ::1 at 2023-09-08 09:44:51 -0400
Processing by StaticPagesController#frontend_index as HTML
  Parameters: {"path"=>"frontend_index"}
Completed 500 Internal Server Error in 20ms (ActiveRecord: 0.0ms | Allocations: 1129)


  
ArgumentError (File /Users/mdmiah/Desktop/AAClasswork/FullStackProject/discord-backend/public/index.html does not exist):
  
app/controllers/static_pages_controller.rb:3:in `frontend_index'
Started GET "/frontend_index" for ::1 at 2023-09-08 09:45:24 -0400
Processing by StaticPagesController#frontend_index as HTML
  Parameters: {"path"=>"frontend_index"}
  Rendering frontend/public/index.html
  Rendered frontend/public/index.html (Duration: 0.2ms | Allocations: 12)
Completed 200 OK in 3ms (Views: 2.4ms | ActiveRecord: 0.0ms | Allocations: 748)


Started GET "/src/main.jsx" for ::1 at 2023-09-08 09:45:24 -0400
Processing by StaticPagesController#frontend_index as */*
  Parameters: {"path"=>"src/main"}
  Rendering frontend/public/index.html
  Rendered frontend/public/index.html (Duration: 0.1ms | Allocations: 6)
Completed 200 OK in 1ms (Views: 0.5ms | ActiveRecord: 0.0ms | Allocations: 311)


Started GET "/vite.svg" for ::1 at 2023-09-08 09:45:25 -0400
Processing by StaticPagesController#frontend_index as SVG
  Parameters: {"path"=>"vite"}
  Rendering frontend/public/index.html
  Rendered frontend/public/index.html (Duration: 0.1ms | Allocations: 6)
Completed 200 OK in 1ms (Views: 0.4ms | ActiveRecord: 0.0ms | Allocations: 266)


Started GET "/src/main.jsx" for ::1 at 2023-09-08 09:45:38 -0400
Processing by StaticPagesController#frontend_index as */*
  Parameters: {"path"=>"src/main"}
  Rendering frontend/public/index.html
  Rendered frontend/public/index.html (Duration: 0.1ms | Allocations: 6)
Completed 200 OK in 1ms (Views: 0.8ms | ActiveRecord: 0.0ms | Allocations: 269)


Started GET "/src/main.jsx" for ::1 at 2023-09-08 09:45:39 -0400
Processing by StaticPagesController#frontend_index as */*
  Parameters: {"path"=>"src/main"}
  Rendering frontend/public/index.html
  Rendered frontend/public/index.html (Duration: 1.0ms | Allocations: 6)
Completed 200 OK in 2ms (Views: 1.7ms | ActiveRecord: 0.0ms | Allocations: 270)


Started GET "/vite.svg" for ::1 at 2023-09-08 09:45:39 -0400
Processing by StaticPagesController#frontend_index as SVG
  Parameters: {"path"=>"vite"}
  Rendering frontend/public/index.html
  Rendered frontend/public/index.html (Duration: 0.1ms | Allocations: 6)
Completed 200 OK in 1ms (Views: 0.7ms | ActiveRecord: 0.0ms | Allocations: 266)


Started GET "/" for ::1 at 2023-09-08 09:45:45 -0400
Processing by Rails::WelcomeController#index as HTML
  Rendering /Users/mdmiah/.rbenv/versions/3.1.1/lib/ruby/gems/3.1.0/gems/railties-7.0.7.2/lib/rails/templates/rails/welcome/index.html.erb
  Rendered /Users/mdmiah/.rbenv/versions/3.1.1/lib/ruby/gems/3.1.0/gems/railties-7.0.7.2/lib/rails/templates/rails/welcome/index.html.erb (Duration: 0.1ms | Allocations: 22)
Completed 200 OK in 1ms (Views: 0.6ms | ActiveRecord: 0.0ms | Allocations: 211)


Started GET "/" for ::1 at 2023-09-08 09:51:23 -0400
Processing by Rails::WelcomeController#index as HTML
  Rendering /Users/mdmiah/.rbenv/versions/3.1.1/lib/ruby/gems/3.1.0/gems/railties-7.0.7.2/lib/rails/templates/rails/welcome/index.html.erb
  Rendered /Users/mdmiah/.rbenv/versions/3.1.1/lib/ruby/gems/3.1.0/gems/railties-7.0.7.2/lib/rails/templates/rails/welcome/index.html.erb (Duration: 0.1ms | Allocations: 15)
Completed 200 OK in 1ms (Views: 0.6ms | ActiveRecord: 0.0ms | Allocations: 193)


Started GET "/static_pages" for ::1 at 2023-09-08 09:51:57 -0400
Processing by StaticPagesController#frontend_index as HTML
  Parameters: {"path"=>"static_pages"}
  Rendering frontend/public/index.html
  Rendered frontend/public/index.html (Duration: 0.7ms | Allocations: 6)
Completed 200 OK in 2ms (Views: 1.5ms | ActiveRecord: 0.0ms | Allocations: 267)


Started GET "/src/main.jsx" for ::1 at 2023-09-08 09:51:57 -0400
Processing by StaticPagesController#frontend_index as */*
  Parameters: {"path"=>"src/main"}
  Rendering frontend/public/index.html
  Rendered frontend/public/index.html (Duration: 0.8ms | Allocations: 6)
Completed 200 OK in 2ms (Views: 2.3ms | ActiveRecord: 0.0ms | Allocations: 269)


Started GET "/vite.svg" for ::1 at 2023-09-08 09:51:57 -0400
Processing by StaticPagesController#frontend_index as SVG
  Parameters: {"path"=>"vite"}
  Rendering frontend/public/index.html
  Rendered frontend/public/index.html (Duration: 0.6ms | Allocations: 6)
Completed 200 OK in 2ms (Views: 1.9ms | ActiveRecord: 0.0ms | Allocations: 266)


Started GET "/static_pages" for ::1 at 2023-09-08 09:54:31 -0400
Processing by StaticPagesController#frontend_index as HTML
  Parameters: {"path"=>"static_pages"}
  Rendering frontend/public/index.html
  Rendered frontend/public/index.html (Duration: 0.1ms | Allocations: 6)
Completed 200 OK in 1ms (Views: 0.6ms | ActiveRecord: 0.0ms | Allocations: 267)


Started GET "/assets/index-e92ae01e.js" for ::1 at 2023-09-08 09:54:31 -0400
Processing by StaticPagesController#frontend_index as JS
  Parameters: {"path"=>"assets/index-e92ae01e"}
  Rendering frontend/public/index.html
  Rendered frontend/public/index.html (Duration: 0.1ms | Allocations: 6)
Completed 200 OK in 1ms (Views: 0.7ms | ActiveRecord: 0.0ms | Allocations: 303)


Started GET "/assets/index-d526a0c5.css" for ::1 at 2023-09-08 09:54:31 -0400
Processing by StaticPagesController#frontend_index as CSS
  Parameters: {"path"=>"assets/index-d526a0c5"}
  Rendering frontend/public/index.html
  Rendered frontend/public/index.html (Duration: 0.1ms | Allocations: 6)
Completed 200 OK in 1ms (Views: 0.6ms | ActiveRecord: 0.0ms | Allocations: 266)


Started GET "/vite.svg" for ::1 at 2023-09-08 09:54:32 -0400
Processing by StaticPagesController#frontend_index as SVG
  Parameters: {"path"=>"vite"}
  Rendering frontend/public/index.html
  Rendered frontend/public/index.html (Duration: 0.1ms | Allocations: 6)
Completed 200 OK in 1ms (Views: 0.5ms | ActiveRecord: 0.0ms | Allocations: 266)


Started GET "/assets/index-d526a0c5.css" for ::1 at 2023-09-08 09:56:38 -0400
Processing by StaticPagesController#frontend_index as CSS
  Parameters: {"path"=>"assets/index-d526a0c5"}
  Rendering frontend/public/index.html
  Rendered frontend/public/index.html (Duration: 0.3ms | Allocations: 6)
Completed 200 OK in 1ms (Views: 0.8ms | ActiveRecord: 0.0ms | Allocations: 266)


Started GET "/static_pages" for ::1 at 2023-09-08 09:59:11 -0400
Processing by StaticPagesController#frontend_index as HTML
  Parameters: {"path"=>"static_pages"}
  Rendering frontend/public/index.html
  Rendered frontend/public/index.html (Duration: 0.4ms | Allocations: 6)
Completed 200 OK in 1ms (Views: 1.0ms | ActiveRecord: 0.0ms | Allocations: 267)


Started GET "/assets/index-e92ae01e.js" for ::1 at 2023-09-08 09:59:11 -0400
Processing by StaticPagesController#frontend_index as JS
  Parameters: {"path"=>"assets/index-e92ae01e"}
  Rendering frontend/public/index.html
  Rendered frontend/public/index.html (Duration: 0.1ms | Allocations: 6)
Completed 200 OK in 1ms (Views: 1.1ms | ActiveRecord: 0.0ms | Allocations: 261)


Started GET "/assets/index-d526a0c5.css" for ::1 at 2023-09-08 09:59:11 -0400
Processing by StaticPagesController#frontend_index as CSS
  Parameters: {"path"=>"assets/index-d526a0c5"}
  Rendering frontend/public/index.html
  Rendered frontend/public/index.html (Duration: 0.1ms | Allocations: 6)
Completed 200 OK in 1ms (Views: 0.5ms | ActiveRecord: 0.0ms | Allocations: 266)


Started GET "/vite.svg" for ::1 at 2023-09-08 09:59:12 -0400
Processing by StaticPagesController#frontend_index as SVG
  Parameters: {"path"=>"vite"}
  Rendering frontend/public/index.html
  Rendered frontend/public/index.html (Duration: 0.1ms | Allocations: 6)
Completed 200 OK in 1ms (Views: 0.4ms | ActiveRecord: 0.0ms | Allocations: 266)


Started GET "/static_pages" for ::1 at 2023-09-08 10:00:06 -0400
Processing by StaticPagesController#frontend_index as HTML
  Parameters: {"path"=>"static_pages"}
  Rendering frontend/public/index.html
  Rendered frontend/public/index.html (Duration: 0.6ms | Allocations: 6)
Completed 200 OK in 2ms (Views: 1.3ms | ActiveRecord: 0.0ms | Allocations: 267)


Started GET "/assets/index-d526a0c5.css" for ::1 at 2023-09-08 10:00:06 -0400
Processing by StaticPagesController#frontend_index as CSS
  Parameters: {"path"=>"assets/index-d526a0c5"}
Started GET "/assets/index-e92ae01e.js" for ::1 at 2023-09-08 10:00:06 -0400
  Rendering frontend/public/index.html
  Rendered frontend/public/index.html (Duration: 0.2ms | Allocations: 7)
Completed 200 OK in 12ms (Views: 4.1ms | ActiveRecord: 0.0ms | Allocations: 605)


Processing by StaticPagesController#frontend_index as JS
  Parameters: {"path"=>"assets/index-e92ae01e"}
  Rendering frontend/public/index.html
  Rendered frontend/public/index.html (Duration: 0.1ms | Allocations: 6)
Completed 200 OK in 1ms (Views: 0.6ms | ActiveRecord: 0.0ms | Allocations: 261)


Started GET "/vite.svg" for ::1 at 2023-09-08 10:00:07 -0400
Processing by StaticPagesController#frontend_index as SVG
  Parameters: {"path"=>"vite"}
  Rendering frontend/public/index.html
  Rendered frontend/public/index.html (Duration: 0.1ms | Allocations: 6)
Completed 200 OK in 1ms (Views: 0.5ms | ActiveRecord: 0.0ms | Allocations: 266)


